Determining if the pthread_create exist failed with the following output:
Change Dir: /home/viki/ROSWS/tumws/build/CMakeFiles/CMakeTmp

Run Build Command:/usr/bin/make "cmTryCompileExec2135759520/fast"
/usr/bin/make -f CMakeFiles/cmTryCompileExec2135759520.dir/build.make CMakeFiles/cmTryCompileExec2135759520.dir/build
make[1]: Entering directory `/home/viki/ROSWS/tumws/build/CMakeFiles/CMakeTmp'
/usr/bin/cmake -E cmake_progress_report /home/viki/ROSWS/tumws/build/CMakeFiles/CMakeTmp/CMakeFiles 1
Building C object CMakeFiles/cmTryCompileExec2135759520.dir/CheckSymbolExists.c.o
/usr/bin/cc    -o CMakeFiles/cmTryCompileExec2135759520.dir/CheckSymbolExists.c.o   -c /home/viki/ROSWS/tumws/build/CMakeFiles/CMakeTmp/CheckSymbolExists.c
Linking C executable cmTryCompileExec2135759520
/usr/bin/cmake -E cmake_link_script CMakeFiles/cmTryCompileExec2135759520.dir/link.txt --verbose=1
/usr/bin/cc       CMakeFiles/cmTryCompileExec2135759520.dir/CheckSymbolExists.c.o  -o cmTryCompileExec2135759520 -rdynamic 
CMakeFiles/cmTryCompileExec2135759520.dir/CheckSymbolExists.c.o: In function `main':
CheckSymbolExists.c:(.text+0x16): undefined reference to `pthread_create'
collect2: error: ld returned 1 exit status
make[1]: Leaving directory `/home/viki/ROSWS/tumws/build/CMakeFiles/CMakeTmp'
make[1]: *** [cmTryCompileExec2135759520] Error 1
make: *** [cmTryCompileExec2135759520/fast] Error 2

File /home/viki/ROSWS/tumws/build/CMakeFiles/CMakeTmp/CheckSymbolExists.c:
/* */
#include <pthread.h>

int main(int argc, char** argv)
{
  (void)argv;
#ifndef pthread_create
  return ((int*)(&pthread_create))[argc];
#else
  (void)argc;
  return 0;
#endif
}

Determining if the function pthread_create exists in the pthreads failed with the following output:
Change Dir: /home/viki/ROSWS/tumws/build/CMakeFiles/CMakeTmp

Run Build Command:/usr/bin/make "cmTryCompileExec3283875323/fast"
/usr/bin/make -f CMakeFiles/cmTryCompileExec3283875323.dir/build.make CMakeFiles/cmTryCompileExec3283875323.dir/build
make[1]: Entering directory `/home/viki/ROSWS/tumws/build/CMakeFiles/CMakeTmp'
/usr/bin/cmake -E cmake_progress_report /home/viki/ROSWS/tumws/build/CMakeFiles/CMakeTmp/CMakeFiles 1
Building C object CMakeFiles/cmTryCompileExec3283875323.dir/CheckFunctionExists.c.o
/usr/bin/cc   -DCHECK_FUNCTION_EXISTS=pthread_create   -o CMakeFiles/cmTryCompileExec3283875323.dir/CheckFunctionExists.c.o   -c /usr/share/cmake-2.8/Modules/CheckFunctionExists.c
Linking C executable cmTryCompileExec3283875323
/usr/bin/cmake -E cmake_link_script CMakeFiles/cmTryCompileExec3283875323.dir/link.txt --verbose=1
/usr/bin/cc   -DCHECK_FUNCTION_EXISTS=pthread_create    CMakeFiles/cmTryCompileExec3283875323.dir/CheckFunctionExists.c.o  -o cmTryCompileExec3283875323 -rdynamic -lpthreads 
/usr/bin/ld: cannot find -lpthreads
collect2: error: ld returned 1 exit status
make[1]: Leaving directory `/home/viki/ROSWS/tumws/build/CMakeFiles/CMakeTmp'
make[1]: *** [cmTryCompileExec3283875323] Error 1
make: *** [cmTryCompileExec3283875323/fast] Error 2


Determining if the Q_WS_WIN exist failed with the following output:
Change Dir: /home/viki/ROSWS/tumws/build/CMakeFiles/CMakeTmp

Run Build Command:/usr/bin/make "cmTryCompileExec3896708698/fast"
/usr/bin/make -f CMakeFiles/cmTryCompileExec3896708698.dir/build.make CMakeFiles/cmTryCompileExec3896708698.dir/build
make[1]: Entering directory `/home/viki/ROSWS/tumws/build/CMakeFiles/CMakeTmp'
/usr/bin/cmake -E cmake_progress_report /home/viki/ROSWS/tumws/build/CMakeFiles/CMakeTmp/CMakeFiles 1
Building CXX object CMakeFiles/cmTryCompileExec3896708698.dir/CheckSymbolExists.cxx.o
/usr/bin/c++    -I/usr/include/qt4    -o CMakeFiles/cmTryCompileExec3896708698.dir/CheckSymbolExists.cxx.o -c /home/viki/ROSWS/tumws/build/CMakeFiles/CMakeTmp/CheckSymbolExists.cxx
/home/viki/ROSWS/tumws/build/CMakeFiles/CMakeTmp/CheckSymbolExists.cxx: In function ‘int main(int, char**)’:
/home/viki/ROSWS/tumws/build/CMakeFiles/CMakeTmp/CheckSymbolExists.cxx:8:19: error: ‘Q_WS_WIN’ was not declared in this scope
   return ((int*)(&Q_WS_WIN))[argc];
                   ^
make[1]: Leaving directory `/home/viki/ROSWS/tumws/build/CMakeFiles/CMakeTmp'
make[1]: *** [CMakeFiles/cmTryCompileExec3896708698.dir/CheckSymbolExists.cxx.o] Error 1
make: *** [cmTryCompileExec3896708698/fast] Error 2

File /home/viki/ROSWS/tumws/build/CMakeFiles/CMakeTmp/CheckSymbolExists.cxx:
/* */
#include <QtCore/qglobal.h>

int main(int argc, char** argv)
{
  (void)argv;
#ifndef Q_WS_WIN
  return ((int*)(&Q_WS_WIN))[argc];
#else
  (void)argc;
  return 0;
#endif
}

Determining if the Q_WS_QWS exist failed with the following output:
Change Dir: /home/viki/ROSWS/tumws/build/CMakeFiles/CMakeTmp

Run Build Command:/usr/bin/make "cmTryCompileExec2798778606/fast"
/usr/bin/make -f CMakeFiles/cmTryCompileExec2798778606.dir/build.make CMakeFiles/cmTryCompileExec2798778606.dir/build
make[1]: Entering directory `/home/viki/ROSWS/tumws/build/CMakeFiles/CMakeTmp'
/usr/bin/cmake -E cmake_progress_report /home/viki/ROSWS/tumws/build/CMakeFiles/CMakeTmp/CMakeFiles 1
Building CXX object CMakeFiles/cmTryCompileExec2798778606.dir/CheckSymbolExists.cxx.o
/usr/bin/c++    -I/usr/include/qt4    -o CMakeFiles/cmTryCompileExec2798778606.dir/CheckSymbolExists.cxx.o -c /home/viki/ROSWS/tumws/build/CMakeFiles/CMakeTmp/CheckSymbolExists.cxx
/home/viki/ROSWS/tumws/build/CMakeFiles/CMakeTmp/CheckSymbolExists.cxx: In function ‘int main(int, char**)’:
/home/viki/ROSWS/tumws/build/CMakeFiles/CMakeTmp/CheckSymbolExists.cxx:8:19: error: ‘Q_WS_QWS’ was not declared in this scope
   return ((int*)(&Q_WS_QWS))[argc];
                   ^
make[1]: Leaving directory `/home/viki/ROSWS/tumws/build/CMakeFiles/CMakeTmp'
make[1]: *** [CMakeFiles/cmTryCompileExec2798778606.dir/CheckSymbolExists.cxx.o] Error 1
make: *** [cmTryCompileExec2798778606/fast] Error 2

File /home/viki/ROSWS/tumws/build/CMakeFiles/CMakeTmp/CheckSymbolExists.cxx:
/* */
#include <QtCore/qglobal.h>

int main(int argc, char** argv)
{
  (void)argv;
#ifndef Q_WS_QWS
  return ((int*)(&Q_WS_QWS))[argc];
#else
  (void)argc;
  return 0;
#endif
}

Determining if the Q_WS_MAC exist failed with the following output:
Change Dir: /home/viki/ROSWS/tumws/build/CMakeFiles/CMakeTmp

Run Build Command:/usr/bin/make "cmTryCompileExec4142579270/fast"
/usr/bin/make -f CMakeFiles/cmTryCompileExec4142579270.dir/build.make CMakeFiles/cmTryCompileExec4142579270.dir/build
make[1]: Entering directory `/home/viki/ROSWS/tumws/build/CMakeFiles/CMakeTmp'
/usr/bin/cmake -E cmake_progress_report /home/viki/ROSWS/tumws/build/CMakeFiles/CMakeTmp/CMakeFiles 1
Building CXX object CMakeFiles/cmTryCompileExec4142579270.dir/CheckSymbolExists.cxx.o
/usr/bin/c++    -I/usr/include/qt4    -o CMakeFiles/cmTryCompileExec4142579270.dir/CheckSymbolExists.cxx.o -c /home/viki/ROSWS/tumws/build/CMakeFiles/CMakeTmp/CheckSymbolExists.cxx
/home/viki/ROSWS/tumws/build/CMakeFiles/CMakeTmp/CheckSymbolExists.cxx: In function ‘int main(int, char**)’:
/home/viki/ROSWS/tumws/build/CMakeFiles/CMakeTmp/CheckSymbolExists.cxx:8:19: error: ‘Q_WS_MAC’ was not declared in this scope
   return ((int*)(&Q_WS_MAC))[argc];
                   ^
make[1]: Leaving directory `/home/viki/ROSWS/tumws/build/CMakeFiles/CMakeTmp'
make[1]: *** [CMakeFiles/cmTryCompileExec4142579270.dir/CheckSymbolExists.cxx.o] Error 1
make: *** [cmTryCompileExec4142579270/fast] Error 2

File /home/viki/ROSWS/tumws/build/CMakeFiles/CMakeTmp/CheckSymbolExists.cxx:
/* */
#include <QtCore/qglobal.h>

int main(int argc, char** argv)
{
  (void)argv;
#ifndef Q_WS_MAC
  return ((int*)(&Q_WS_MAC))[argc];
#else
  (void)argc;
  return 0;
#endif
}

